<?xml version="1.0" encoding="UTF-8"?>
<!-- Generated by org.testng.reporters.JUnitXMLReporter -->
<testsuite hostname="LAKSHMI-PC" name="Ravi BDD Project" tests="1" failures="0" timestamp="4 Oct 2018 13:39:45 GMT" time="0.234" errors="0">
  <testcase name="@BeforeClass setUpClass" time="0.0" classname="runners.RunCucumberTest">
    <failure type="java.lang.NoSuchMethodError" message="cucumber.runtime.RuntimeOptions.reporter(Ljava/lang/ClassLoader;)Lgherkin/formatter/Reporter;">
      <![CDATA[java.lang.NoSuchMethodError: cucumber.runtime.RuntimeOptions.reporter(Ljava/lang/ClassLoader;)Lgherkin/formatter/Reporter;
	at cucumber.api.testng.TestNGCucumberRunner.<init>(TestNGCucumberRunner.java:41)
	at cucumber.api.testng.AbstractTestNGCucumberTests.setUpClass(AbstractTestNGCucumberTests.java:16)
... Removed 24 stack frames]]>
    </failure>
  </testcase> <!-- @BeforeClass setUpClass -->
  <testcase name="@AfterClass tearDownClass" time="0.0" classname="runners.RunCucumberTest">
    <failure type="java.lang.NullPointerException">
      <![CDATA[java.lang.NullPointerException
	at cucumber.api.testng.AbstractTestNGCucumberTests.tearDownClass(AbstractTestNGCucumberTests.java:34)
... Removed 24 stack frames]]>
    </failure>
  </testcase> <!-- @AfterClass tearDownClass -->
  <testcase name="feature" time="0.0" classname="runners.RunCucumberTest">
    <skipped/>
  </testcase> <!-- feature -->
</testsuite> <!-- Ravi BDD Project -->
